2025-08-05 18:40:42,708 - httpx - INFO - HTTP Request: POST https://api.telegram.org/bot376050674:AAGAAEdj2uVc9e0QTXMY5ujgaCQ2ARSJpnQ/getUpdates "HTTP/1.1 200 OK"
2025-08-05 18:40:54,158 - httpx - INFO - HTTP Request: POST https://api.telegram.org/bot376050674:AAGAAEdj2uVc9e0QTXMY5ujgaCQ2ARSJpnQ/getUpdates "HTTP/1.1 200 OK"
2025-08-05 18:41:05,429 - httpx - INFO - HTTP Request: POST https://api.telegram.org/bot376050674:AAGAAEdj2uVc9e0QTXMY5ujgaCQ2ARSJpnQ/getUpdates "HTTP/1.1 200 OK"
2025-08-05 18:41:16,626 - httpx - INFO - HTTP Request: POST https://api.telegram.org/bot376050674:AAGAAEdj2uVc9e0QTXMY5ujgaCQ2ARSJpnQ/getUpdates "HTTP/1.1 200 OK"
2025-08-05 18:41:25,961 - httpx - INFO - HTTP Request: POST https://api.telegram.org/bot376050674:AAGAAEdj2uVc9e0QTXMY5ujgaCQ2ARSJpnQ/getUpdates "HTTP/1.1 200 OK"
2025-08-05 18:41:25,975 - __main__ - INFO - Business message from chat 166241743, message 1175377: ......
2025-08-05 18:41:26,031 - __main__ - INFO - Saved business message 1175377 with ID: 68921f1d7d5de247906ace81
2025-08-05 18:41:26,032 - __main__ - INFO - Successfully saved business message 1175377 to database
2025-08-05 18:41:36,233 - httpx - INFO - HTTP Request: POST https://api.telegram.org/bot376050674:AAGAAEdj2uVc9e0QTXMY5ujgaCQ2ARSJpnQ/getUpdates "HTTP/1.1 200 OK"
2025-08-05 18:41:47,432 - httpx - INFO - HTTP Request: POST https://api.telegram.org/bot376050674:AAGAAEdj2uVc9e0QTXMY5ujgaCQ2ARSJpnQ/getUpdates "HTTP/1.1 200 OK"
2025-08-05 18:41:58,645 - httpx - INFO - HTTP Request: POST https://api.telegram.org/bot376050674:AAGAAEdj2uVc9e0QTXMY5ujgaCQ2ARSJpnQ/getUpdates "HTTP/1.1 200 OK"
2025-08-05 18:42:09,941 - httpx - INFO - HTTP Request: POST https://api.telegram.org/bot376050674:AAGAAEdj2uVc9e0QTXMY5ujgaCQ2ARSJpnQ/getUpdates "HTTP/1.1 200 OK"
2025-08-05 18:42:14,102 - httpx - INFO - HTTP Request: POST https://api.telegram.org/bot376050674:AAGAAEdj2uVc9e0QTXMY5ujgaCQ2ARSJpnQ/getUpdates "HTTP/1.1 200 OK"
2025-08-05 18:42:14,104 - __main__ - INFO - Business message from chat 166241743, message 1175378: admin...
2025-08-05 18:42:14,107 - __main__ - INFO - Saved business message 1175378 with ID: 68921f4e7d5de247906ace82
2025-08-05 18:42:14,108 - __main__ - INFO - Successfully saved business message 1175378 to database
2025-08-05 18:42:24,372 - httpx - INFO - HTTP Request: POST https://api.telegram.org/bot376050674:AAGAAEdj2uVc9e0QTXMY5ujgaCQ2ARSJpnQ/getUpdates "HTTP/1.1 200 OK"
2025-08-05 18:42:35,551 - httpx - INFO - HTTP Request: POST https://api.telegram.org/bot376050674:AAGAAEdj2uVc9e0QTXMY5ujgaCQ2ARSJpnQ/getUpdates "HTTP/1.1 200 OK"
2025-08-05 18:42:46,741 - httpx - INFO - HTTP Request: POST https://api.telegram.org/bot376050674:AAGAAEdj2uVc9e0QTXMY5ujgaCQ2ARSJpnQ/getUpdates "HTTP/1.1 200 OK"
2025-08-05 18:42:58,067 - httpx - INFO - HTTP Request: POST https://api.telegram.org/bot376050674:AAGAAEdj2uVc9e0QTXMY5ujgaCQ2ARSJpnQ/getUpdates "HTTP/1.1 200 OK"
2025-08-05 18:43:09,255 - httpx - INFO - HTTP Request: POST https://api.telegram.org/bot376050674:AAGAAEdj2uVc9e0QTXMY5ujgaCQ2ARSJpnQ/getUpdates "HTTP/1.1 200 OK"
2025-08-05 18:43:20,481 - httpx - INFO - HTTP Request: POST https://api.telegram.org/bot376050674:AAGAAEdj2uVc9e0QTXMY5ujgaCQ2ARSJpnQ/getUpdates "HTTP/1.1 200 OK"
2025-08-05 18:43:31,714 - httpx - INFO - HTTP Request: POST https://api.telegram.org/bot376050674:AAGAAEdj2uVc9e0QTXMY5ujgaCQ2ARSJpnQ/getUpdates "HTTP/1.1 200 OK"
2025-08-05 18:43:43,021 - httpx - INFO - HTTP Request: POST https://api.telegram.org/bot376050674:AAGAAEdj2uVc9e0QTXMY5ujgaCQ2ARSJpnQ/getUpdates "HTTP/1.1 200 OK"
2025-08-05 18:43:54,214 - httpx - INFO - HTTP Request: POST https://api.telegram.org/bot376050674:AAGAAEdj2uVc9e0QTXMY5ujgaCQ2ARSJpnQ/getUpdates "HTTP/1.1 200 OK"
2025-08-05 18:44:05,445 - httpx - INFO - HTTP Request: POST https://api.telegram.org/bot376050674:AAGAAEdj2uVc9e0QTXMY5ujgaCQ2ARSJpnQ/getUpdates "HTTP/1.1 200 OK"
2025-08-05 18:44:16,639 - httpx - INFO - HTTP Request: POST https://api.telegram.org/bot376050674:AAGAAEdj2uVc9e0QTXMY5ujgaCQ2ARSJpnQ/getUpdates "HTTP/1.1 200 OK"
2025-08-05 18:44:27,894 - httpx - INFO - HTTP Request: POST https://api.telegram.org/bot376050674:AAGAAEdj2uVc9e0QTXMY5ujgaCQ2ARSJpnQ/getUpdates "HTTP/1.1 200 OK"
2025-08-05 18:44:39,130 - httpx - INFO - HTTP Request: POST https://api.telegram.org/bot376050674:AAGAAEdj2uVc9e0QTXMY5ujgaCQ2ARSJpnQ/getUpdates "HTTP/1.1 200 OK"
2025-08-05 18:44:50,354 - httpx - INFO - HTTP Request: POST https://api.telegram.org/bot376050674:AAGAAEdj2uVc9e0QTXMY5ujgaCQ2ARSJpnQ/getUpdates "HTTP/1.1 200 OK"
2025-08-05 18:45:01,563 - httpx - INFO - HTTP Request: POST https://api.telegram.org/bot376050674:AAGAAEdj2uVc9e0QTXMY5ujgaCQ2ARSJpnQ/getUpdates "HTTP/1.1 200 OK"
2025-08-05 18:45:20,188 - httpx - INFO - HTTP Request: POST https://api.telegram.org/bot376050674:AAGAAEdj2uVc9e0QTXMY5ujgaCQ2ARSJpnQ/getUpdates "HTTP/1.1 200 OK"
2025-08-05 18:45:20,189 - __main__ - INFO - Business message from chat 166241743, message 1175379: s...
2025-08-05 18:45:20,248 - __main__ - INFO - Saved business message 1175379 with ID: 68922008733ce47bda378e01
2025-08-05 18:45:21,085 - httpx - INFO - HTTP Request: POST https://api.telegram.org/bot376050674:AAGAAEdj2uVc9e0QTXMY5ujgaCQ2ARSJpnQ/sendMessage "HTTP/1.1 200 OK"
2025-08-05 18:45:21,087 - __main__ - INFO - Successfully saved business message 1175379 to database
2025-08-05 18:45:30,278 - httpx - INFO - HTTP Request: POST https://api.telegram.org/bot376050674:AAGAAEdj2uVc9e0QTXMY5ujgaCQ2ARSJpnQ/getUpdates "HTTP/1.1 200 OK"
2025-08-05 18:45:30,279 - __main__ - INFO - Business message from chat 166241743, message 1175381: test...
2025-08-05 18:45:30,281 - __main__ - INFO - Saved business message 1175381 with ID: 68922012733ce47bda378e02
2025-08-05 18:45:31,607 - httpx - INFO - HTTP Request: POST https://api.telegram.org/bot376050674:AAGAAEdj2uVc9e0QTXMY5ujgaCQ2ARSJpnQ/sendMessage "HTTP/1.1 200 OK"
2025-08-05 18:45:31,608 - __main__ - INFO - Successfully saved business message 1175381 to database
2025-08-05 18:45:41,795 - httpx - INFO - HTTP Request: POST https://api.telegram.org/bot376050674:AAGAAEdj2uVc9e0QTXMY5ujgaCQ2ARSJpnQ/getUpdates "HTTP/1.1 200 OK"
2025-08-05 18:45:53,062 - httpx - INFO - HTTP Request: POST https://api.telegram.org/bot376050674:AAGAAEdj2uVc9e0QTXMY5ujgaCQ2ARSJpnQ/getUpdates "HTTP/1.1 200 OK"
2025-08-05 18:46:04,341 - httpx - INFO - HTTP Request: POST https://api.telegram.org/bot376050674:AAGAAEdj2uVc9e0QTXMY5ujgaCQ2ARSJpnQ/getUpdates "HTTP/1.1 200 OK"
2025-08-05 18:46:15,550 - httpx - INFO - HTTP Request: POST https://api.telegram.org/bot376050674:AAGAAEdj2uVc9e0QTXMY5ujgaCQ2ARSJpnQ/getUpdates "HTTP/1.1 200 OK"
2025-08-05 18:46:26,761 - httpx - INFO - HTTP Request: POST https://api.telegram.org/bot376050674:AAGAAEdj2uVc9e0QTXMY5ujgaCQ2ARSJpnQ/getUpdates "HTTP/1.1 200 OK"
2025-08-05 18:46:37,946 - httpx - INFO - HTTP Request: POST https://api.telegram.org/bot376050674:AAGAAEdj2uVc9e0QTXMY5ujgaCQ2ARSJpnQ/getUpdates "HTTP/1.1 200 OK"
2025-08-05 18:46:49,148 - httpx - INFO - HTTP Request: POST https://api.telegram.org/bot376050674:AAGAAEdj2uVc9e0QTXMY5ujgaCQ2ARSJpnQ/getUpdates "HTTP/1.1 200 OK"
2025-08-05 18:47:00,362 - httpx - INFO - HTTP Request: POST https://api.telegram.org/bot376050674:AAGAAEdj2uVc9e0QTXMY5ujgaCQ2ARSJpnQ/getUpdates "HTTP/1.1 200 OK"
2025-08-05 18:47:11,570 - httpx - INFO - HTTP Request: POST https://api.telegram.org/bot376050674:AAGAAEdj2uVc9e0QTXMY5ujgaCQ2ARSJpnQ/getUpdates "HTTP/1.1 200 OK"
2025-08-05 18:47:22,872 - httpx - INFO - HTTP Request: POST https://api.telegram.org/bot376050674:AAGAAEdj2uVc9e0QTXMY5ujgaCQ2ARSJpnQ/getUpdates "HTTP/1.1 200 OK"
2025-08-05 18:47:34,153 - httpx - INFO - HTTP Request: POST https://api.telegram.org/bot376050674:AAGAAEdj2uVc9e0QTXMY5ujgaCQ2ARSJpnQ/getUpdates "HTTP/1.1 200 OK"
2025-08-05 18:47:45,337 - httpx - INFO - HTTP Request: POST https://api.telegram.org/bot376050674:AAGAAEdj2uVc9e0QTXMY5ujgaCQ2ARSJpnQ/getUpdates "HTTP/1.1 200 OK"
2025-08-05 18:47:56,536 - httpx - INFO - HTTP Request: POST https://api.telegram.org/bot376050674:AAGAAEdj2uVc9e0QTXMY5ujgaCQ2ARSJpnQ/getUpdates "HTTP/1.1 200 OK"
2025-08-05 18:48:07,820 - httpx - INFO - HTTP Request: POST https://api.telegram.org/bot376050674:AAGAAEdj2uVc9e0QTXMY5ujgaCQ2ARSJpnQ/getUpdates "HTTP/1.1 200 OK"
2025-08-05 18:48:19,104 - httpx - INFO - HTTP Request: POST https://api.telegram.org/bot376050674:AAGAAEdj2uVc9e0QTXMY5ujgaCQ2ARSJpnQ/getUpdates "HTTP/1.1 200 OK"
2025-08-05 18:48:30,325 - httpx - INFO - HTTP Request: POST https://api.telegram.org/bot376050674:AAGAAEdj2uVc9e0QTXMY5ujgaCQ2ARSJpnQ/getUpdates "HTTP/1.1 200 OK"
2025-08-05 18:48:41,523 - httpx - INFO - HTTP Request: POST https://api.telegram.org/bot376050674:AAGAAEdj2uVc9e0QTXMY5ujgaCQ2ARSJpnQ/getUpdates "HTTP/1.1 200 OK"
2025-08-05 18:48:52,785 - httpx - INFO - HTTP Request: POST https://api.telegram.org/bot376050674:AAGAAEdj2uVc9e0QTXMY5ujgaCQ2ARSJpnQ/getUpdates "HTTP/1.1 200 OK"
2025-08-05 18:49:04,010 - httpx - INFO - HTTP Request: POST https://api.telegram.org/bot376050674:AAGAAEdj2uVc9e0QTXMY5ujgaCQ2ARSJpnQ/getUpdates "HTTP/1.1 200 OK"
2025-08-05 18:49:15,203 - httpx - INFO - HTTP Request: POST https://api.telegram.org/bot376050674:AAGAAEdj2uVc9e0QTXMY5ujgaCQ2ARSJpnQ/getUpdates "HTTP/1.1 200 OK"
2025-08-05 18:49:26,427 - httpx - INFO - HTTP Request: POST https://api.telegram.org/bot376050674:AAGAAEdj2uVc9e0QTXMY5ujgaCQ2ARSJpnQ/getUpdates "HTTP/1.1 200 OK"
2025-08-05 18:49:37,678 - httpx - INFO - HTTP Request: POST https://api.telegram.org/bot376050674:AAGAAEdj2uVc9e0QTXMY5ujgaCQ2ARSJpnQ/getUpdates "HTTP/1.1 200 OK"
2025-08-05 18:49:48,876 - httpx - INFO - HTTP Request: POST https://api.telegram.org/bot376050674:AAGAAEdj2uVc9e0QTXMY5ujgaCQ2ARSJpnQ/getUpdates "HTTP/1.1 200 OK"
2025-08-05 18:50:00,069 - httpx - INFO - HTTP Request: POST https://api.telegram.org/bot376050674:AAGAAEdj2uVc9e0QTXMY5ujgaCQ2ARSJpnQ/getUpdates "HTTP/1.1 200 OK"
2025-08-05 18:50:11,259 - httpx - INFO - HTTP Request: POST https://api.telegram.org/bot376050674:AAGAAEdj2uVc9e0QTXMY5ujgaCQ2ARSJpnQ/getUpdates "HTTP/1.1 200 OK"
2025-08-05 18:50:22,507 - httpx - INFO - HTTP Request: POST https://api.telegram.org/bot376050674:AAGAAEdj2uVc9e0QTXMY5ujgaCQ2ARSJpnQ/getUpdates "HTTP/1.1 200 OK"
2025-08-05 18:50:33,933 - httpx - INFO - HTTP Request: POST https://api.telegram.org/bot376050674:AAGAAEdj2uVc9e0QTXMY5ujgaCQ2ARSJpnQ/getUpdates "HTTP/1.1 200 OK"
2025-08-05 18:50:45,233 - httpx - INFO - HTTP Request: POST https://api.telegram.org/bot376050674:AAGAAEdj2uVc9e0QTXMY5ujgaCQ2ARSJpnQ/getUpdates "HTTP/1.1 200 OK"
2025-08-05 18:50:56,503 - httpx - INFO - HTTP Request: POST https://api.telegram.org/bot376050674:AAGAAEdj2uVc9e0QTXMY5ujgaCQ2ARSJpnQ/getUpdates "HTTP/1.1 200 OK"
2025-08-05 18:51:07,735 - httpx - INFO - HTTP Request: POST https://api.telegram.org/bot376050674:AAGAAEdj2uVc9e0QTXMY5ujgaCQ2ARSJpnQ/getUpdates "HTTP/1.1 200 OK"
2025-08-05 18:51:19,033 - httpx - INFO - HTTP Request: POST https://api.telegram.org/bot376050674:AAGAAEdj2uVc9e0QTXMY5ujgaCQ2ARSJpnQ/getUpdates "HTTP/1.1 200 OK"
2025-08-05 18:51:30,251 - httpx - INFO - HTTP Request: POST https://api.telegram.org/bot376050674:AAGAAEdj2uVc9e0QTXMY5ujgaCQ2ARSJpnQ/getUpdates "HTTP/1.1 200 OK"
2025-08-05 18:51:41,559 - httpx - INFO - HTTP Request: POST https://api.telegram.org/bot376050674:AAGAAEdj2uVc9e0QTXMY5ujgaCQ2ARSJpnQ/getUpdates "HTTP/1.1 200 OK"
2025-08-05 18:51:52,819 - httpx - INFO - HTTP Request: POST https://api.telegram.org/bot376050674:AAGAAEdj2uVc9e0QTXMY5ujgaCQ2ARSJpnQ/getUpdates "HTTP/1.1 200 OK"
2025-08-05 18:52:04,089 - httpx - INFO - HTTP Request: POST https://api.telegram.org/bot376050674:AAGAAEdj2uVc9e0QTXMY5ujgaCQ2ARSJpnQ/getUpdates "HTTP/1.1 200 OK"
2025-08-05 18:52:15,333 - httpx - INFO - HTTP Request: POST https://api.telegram.org/bot376050674:AAGAAEdj2uVc9e0QTXMY5ujgaCQ2ARSJpnQ/getUpdates "HTTP/1.1 200 OK"
2025-08-05 18:52:26,545 - httpx - INFO - HTTP Request: POST https://api.telegram.org/bot376050674:AAGAAEdj2uVc9e0QTXMY5ujgaCQ2ARSJpnQ/getUpdates "HTTP/1.1 200 OK"
2025-08-05 18:52:37,776 - httpx - INFO - HTTP Request: POST https://api.telegram.org/bot376050674:AAGAAEdj2uVc9e0QTXMY5ujgaCQ2ARSJpnQ/getUpdates "HTTP/1.1 200 OK"
2025-08-05 18:52:49,039 - httpx - INFO - HTTP Request: POST https://api.telegram.org/bot376050674:AAGAAEdj2uVc9e0QTXMY5ujgaCQ2ARSJpnQ/getUpdates "HTTP/1.1 200 OK"
2025-08-05 18:53:00,322 - httpx - INFO - HTTP Request: POST https://api.telegram.org/bot376050674:AAGAAEdj2uVc9e0QTXMY5ujgaCQ2ARSJpnQ/getUpdates "HTTP/1.1 200 OK"
2025-08-05 18:53:11,774 - httpx - INFO - HTTP Request: POST https://api.telegram.org/bot376050674:AAGAAEdj2uVc9e0QTXMY5ujgaCQ2ARSJpnQ/getUpdates "HTTP/1.1 200 OK"
2025-08-05 18:53:23,028 - httpx - INFO - HTTP Request: POST https://api.telegram.org/bot376050674:AAGAAEdj2uVc9e0QTXMY5ujgaCQ2ARSJpnQ/getUpdates "HTTP/1.1 200 OK"
2025-08-05 18:53:34,298 - httpx - INFO - HTTP Request: POST https://api.telegram.org/bot376050674:AAGAAEdj2uVc9e0QTXMY5ujgaCQ2ARSJpnQ/getUpdates "HTTP/1.1 200 OK"
2025-08-05 18:53:45,678 - httpx - INFO - HTTP Request: POST https://api.telegram.org/bot376050674:AAGAAEdj2uVc9e0QTXMY5ujgaCQ2ARSJpnQ/getUpdates "HTTP/1.1 200 OK"
2025-08-05 18:53:56,898 - httpx - INFO - HTTP Request: POST https://api.telegram.org/bot376050674:AAGAAEdj2uVc9e0QTXMY5ujgaCQ2ARSJpnQ/getUpdates "HTTP/1.1 200 OK"
2025-08-05 18:54:08,109 - httpx - INFO - HTTP Request: POST https://api.telegram.org/bot376050674:AAGAAEdj2uVc9e0QTXMY5ujgaCQ2ARSJpnQ/getUpdates "HTTP/1.1 200 OK"
2025-08-05 18:54:19,343 - httpx - INFO - HTTP Request: POST https://api.telegram.org/bot376050674:AAGAAEdj2uVc9e0QTXMY5ujgaCQ2ARSJpnQ/getUpdates "HTTP/1.1 200 OK"
2025-08-05 18:54:30,731 - httpx - INFO - HTTP Request: POST https://api.telegram.org/bot376050674:AAGAAEdj2uVc9e0QTXMY5ujgaCQ2ARSJpnQ/getUpdates "HTTP/1.1 200 OK"
2025-08-05 18:54:42,106 - httpx - INFO - HTTP Request: POST https://api.telegram.org/bot376050674:AAGAAEdj2uVc9e0QTXMY5ujgaCQ2ARSJpnQ/getUpdates "HTTP/1.1 200 OK"
2025-08-05 18:54:53,464 - httpx - INFO - HTTP Request: POST https://api.telegram.org/bot376050674:AAGAAEdj2uVc9e0QTXMY5ujgaCQ2ARSJpnQ/getUpdates "HTTP/1.1 200 OK"
2025-08-05 18:55:04,676 - httpx - INFO - HTTP Request: POST https://api.telegram.org/bot376050674:AAGAAEdj2uVc9e0QTXMY5ujgaCQ2ARSJpnQ/getUpdates "HTTP/1.1 200 OK"
2025-08-05 18:55:15,884 - httpx - INFO - HTTP Request: POST https://api.telegram.org/bot376050674:AAGAAEdj2uVc9e0QTXMY5ujgaCQ2ARSJpnQ/getUpdates "HTTP/1.1 200 OK"
2025-08-05 18:55:27,288 - httpx - INFO - HTTP Request: POST https://api.telegram.org/bot376050674:AAGAAEdj2uVc9e0QTXMY5ujgaCQ2ARSJpnQ/getUpdates "HTTP/1.1 200 OK"
2025-08-05 18:55:38,544 - httpx - INFO - HTTP Request: POST https://api.telegram.org/bot376050674:AAGAAEdj2uVc9e0QTXMY5ujgaCQ2ARSJpnQ/getUpdates "HTTP/1.1 200 OK"
2025-08-05 18:55:49,949 - httpx - INFO - HTTP Request: POST https://api.telegram.org/bot376050674:AAGAAEdj2uVc9e0QTXMY5ujgaCQ2ARSJpnQ/getUpdates "HTTP/1.1 200 OK"
2025-08-05 18:56:01,166 - httpx - INFO - HTTP Request: POST https://api.telegram.org/bot376050674:AAGAAEdj2uVc9e0QTXMY5ujgaCQ2ARSJpnQ/getUpdates "HTTP/1.1 200 OK"
2025-08-05 18:56:12,460 - httpx - INFO - HTTP Request: POST https://api.telegram.org/bot376050674:AAGAAEdj2uVc9e0QTXMY5ujgaCQ2ARSJpnQ/getUpdates "HTTP/1.1 200 OK"
2025-08-05 18:56:23,691 - httpx - INFO - HTTP Request: POST https://api.telegram.org/bot376050674:AAGAAEdj2uVc9e0QTXMY5ujgaCQ2ARSJpnQ/getUpdates "HTTP/1.1 200 OK"
2025-08-05 18:56:34,952 - httpx - INFO - HTTP Request: POST https://api.telegram.org/bot376050674:AAGAAEdj2uVc9e0QTXMY5ujgaCQ2ARSJpnQ/getUpdates "HTTP/1.1 200 OK"
2025-08-05 18:56:46,170 - httpx - INFO - HTTP Request: POST https://api.telegram.org/bot376050674:AAGAAEdj2uVc9e0QTXMY5ujgaCQ2ARSJpnQ/getUpdates "HTTP/1.1 200 OK"
2025-08-05 18:56:57,447 - httpx - INFO - HTTP Request: POST https://api.telegram.org/bot376050674:AAGAAEdj2uVc9e0QTXMY5ujgaCQ2ARSJpnQ/getUpdates "HTTP/1.1 200 OK"
2025-08-05 18:57:18,858 - httpx - INFO - HTTP Request: POST https://api.telegram.org/bot376050674:AAGAAEdj2uVc9e0QTXMY5ujgaCQ2ARSJpnQ/getUpdates "HTTP/1.1 200 OK"
2025-08-05 18:57:30,165 - httpx - INFO - HTTP Request: POST https://api.telegram.org/bot376050674:AAGAAEdj2uVc9e0QTXMY5ujgaCQ2ARSJpnQ/getUpdates "HTTP/1.1 200 OK"
2025-08-05 18:57:38,290 - httpx - INFO - HTTP Request: POST https://api.telegram.org/bot376050674:AAGAAEdj2uVc9e0QTXMY5ujgaCQ2ARSJpnQ/getUpdates "HTTP/1.1 200 OK"
2025-08-05 18:57:39,484 - httpx - INFO - HTTP Request: POST https://api.telegram.org/bot376050674:AAGAAEdj2uVc9e0QTXMY5ujgaCQ2ARSJpnQ/getMe "HTTP/1.1 200 OK"
2025-08-05 18:57:39,516 - __main__ - INFO - Business message from client in chat 166241743, message 1175390: admin...
2025-08-05 18:57:39,696 - httpx - INFO - HTTP Request: POST https://api.telegram.org/bot376050674:AAGAAEdj2uVc9e0QTXMY5ujgaCQ2ARSJpnQ/getMe "HTTP/1.1 200 OK"
2025-08-05 18:57:39,750 - __main__ - INFO - Saved incoming business message 1175390 from client with ID: 689222eb4610bbb188b230f1
2025-08-05 18:57:39,772 - __main__ - INFO - Created new chat record for chat_id 166241743 - Sender: client
2025-08-05 18:57:39,773 - __main__ - INFO - Successfully saved client message 1175390 to database
2025-08-05 18:57:49,972 - httpx - INFO - HTTP Request: POST https://api.telegram.org/bot376050674:AAGAAEdj2uVc9e0QTXMY5ujgaCQ2ARSJpnQ/getUpdates "HTTP/1.1 200 OK"
2025-08-05 18:57:54,903 - httpx - INFO - HTTP Request: POST https://api.telegram.org/bot376050674:AAGAAEdj2uVc9e0QTXMY5ujgaCQ2ARSJpnQ/getUpdates "HTTP/1.1 200 OK"
2025-08-05 18:57:56,245 - httpx - INFO - HTTP Request: POST https://api.telegram.org/bot376050674:AAGAAEdj2uVc9e0QTXMY5ujgaCQ2ARSJpnQ/getMe "HTTP/1.1 200 OK"
2025-08-05 18:57:56,249 - __main__ - INFO - Business message from client in chat 166241743, message 1175391: user...
2025-08-05 18:57:56,411 - httpx - INFO - HTTP Request: POST https://api.telegram.org/bot376050674:AAGAAEdj2uVc9e0QTXMY5ujgaCQ2ARSJpnQ/getMe "HTTP/1.1 200 OK"
2025-08-05 18:57:56,416 - __main__ - INFO - Saved incoming business message 1175391 from client with ID: 689222fc4610bbb188b230f2
2025-08-05 18:57:56,420 - __main__ - INFO - Updated chat record for chat_id 166241743 - Sender: client, Status: NEW
2025-08-05 18:57:56,420 - __main__ - INFO - Successfully saved client message 1175391 to database
2025-08-05 18:58:06,624 - httpx - INFO - HTTP Request: POST https://api.telegram.org/bot376050674:AAGAAEdj2uVc9e0QTXMY5ujgaCQ2ARSJpnQ/getUpdates "HTTP/1.1 200 OK"
2025-08-05 18:58:17,825 - httpx - INFO - HTTP Request: POST https://api.telegram.org/bot376050674:AAGAAEdj2uVc9e0QTXMY5ujgaCQ2ARSJpnQ/getUpdates "HTTP/1.1 200 OK"
2025-08-05 18:58:29,024 - httpx - INFO - HTTP Request: POST https://api.telegram.org/bot376050674:AAGAAEdj2uVc9e0QTXMY5ujgaCQ2ARSJpnQ/getUpdates "HTTP/1.1 200 OK"
2025-08-05 18:58:40,406 - httpx - INFO - HTTP Request: POST https://api.telegram.org/bot376050674:AAGAAEdj2uVc9e0QTXMY5ujgaCQ2ARSJpnQ/getUpdates "HTTP/1.1 200 OK"
2025-08-05 18:58:51,602 - httpx - INFO - HTTP Request: POST https://api.telegram.org/bot376050674:AAGAAEdj2uVc9e0QTXMY5ujgaCQ2ARSJpnQ/getUpdates "HTTP/1.1 200 OK"
2025-08-05 18:59:02,916 - httpx - INFO - HTTP Request: POST https://api.telegram.org/bot376050674:AAGAAEdj2uVc9e0QTXMY5ujgaCQ2ARSJpnQ/getUpdates "HTTP/1.1 200 OK"
2025-08-05 18:59:14,136 - httpx - INFO - HTTP Request: POST https://api.telegram.org/bot376050674:AAGAAEdj2uVc9e0QTXMY5ujgaCQ2ARSJpnQ/getUpdates "HTTP/1.1 200 OK"
2025-08-05 18:59:25,338 - httpx - INFO - HTTP Request: POST https://api.telegram.org/bot376050674:AAGAAEdj2uVc9e0QTXMY5ujgaCQ2ARSJpnQ/getUpdates "HTTP/1.1 200 OK"
2025-08-05 18:59:36,603 - httpx - INFO - HTTP Request: POST https://api.telegram.org/bot376050674:AAGAAEdj2uVc9e0QTXMY5ujgaCQ2ARSJpnQ/getUpdates "HTTP/1.1 200 OK"
2025-08-05 18:59:47,800 - httpx - INFO - HTTP Request: POST https://api.telegram.org/bot376050674:AAGAAEdj2uVc9e0QTXMY5ujgaCQ2ARSJpnQ/getUpdates "HTTP/1.1 200 OK"
2025-08-05 18:59:59,003 - httpx - INFO - HTTP Request: POST https://api.telegram.org/bot376050674:AAGAAEdj2uVc9e0QTXMY5ujgaCQ2ARSJpnQ/getUpdates "HTTP/1.1 200 OK"
2025-08-05 19:00:10,226 - httpx - INFO - HTTP Request: POST https://api.telegram.org/bot376050674:AAGAAEdj2uVc9e0QTXMY5ujgaCQ2ARSJpnQ/getUpdates "HTTP/1.1 200 OK"
2025-08-05 19:00:21,567 - httpx - INFO - HTTP Request: POST https://api.telegram.org/bot376050674:AAGAAEdj2uVc9e0QTXMY5ujgaCQ2ARSJpnQ/getUpdates "HTTP/1.1 200 OK"
2025-08-05 19:00:32,767 - httpx - INFO - HTTP Request: POST https://api.telegram.org/bot376050674:AAGAAEdj2uVc9e0QTXMY5ujgaCQ2ARSJpnQ/getUpdates "HTTP/1.1 200 OK"
2025-08-05 19:00:43,994 - httpx - INFO - HTTP Request: POST https://api.telegram.org/bot376050674:AAGAAEdj2uVc9e0QTXMY5ujgaCQ2ARSJpnQ/getUpdates "HTTP/1.1 200 OK"
2025-08-05 19:00:55,257 - httpx - INFO - HTTP Request: POST https://api.telegram.org/bot376050674:AAGAAEdj2uVc9e0QTXMY5ujgaCQ2ARSJpnQ/getUpdates "HTTP/1.1 200 OK"
2025-08-05 19:01:06,502 - httpx - INFO - HTTP Request: POST https://api.telegram.org/bot376050674:AAGAAEdj2uVc9e0QTXMY5ujgaCQ2ARSJpnQ/getUpdates "HTTP/1.1 200 OK"
2025-08-05 19:01:17,692 - httpx - INFO - HTTP Request: POST https://api.telegram.org/bot376050674:AAGAAEdj2uVc9e0QTXMY5ujgaCQ2ARSJpnQ/getUpdates "HTTP/1.1 200 OK"
2025-08-05 19:01:28,953 - httpx - INFO - HTTP Request: POST https://api.telegram.org/bot376050674:AAGAAEdj2uVc9e0QTXMY5ujgaCQ2ARSJpnQ/getUpdates "HTTP/1.1 200 OK"
2025-08-05 19:01:40,219 - httpx - INFO - HTTP Request: POST https://api.telegram.org/bot376050674:AAGAAEdj2uVc9e0QTXMY5ujgaCQ2ARSJpnQ/getUpdates "HTTP/1.1 200 OK"
